<?xml version="1.0" encoding="UTF-8"?>
<robot generator="Robot 3.1.2 (Python 3.7.3 on win32)" generated="20190618 22:26:54.537" rpa="false">
<suite id="s1" name="T1" source="E:\Robot\T1.robot">
<test id="s1-t1" name="TestCase1">
<kw name="Browser open and maximize">
<msg timestamp="20190618 22:26:54.740" level="FAIL">No keyword with name 'Browser open and maximize' found.</msg>
<status status="FAIL" starttime="20190618 22:26:54.740" endtime="20190618 22:26:54.740"></status>
</kw>
<status status="FAIL" starttime="20190618 22:26:54.740" endtime="20190618 22:26:54.740" critical="yes">No keyword with name 'Browser open and maximize' found.</status>
</test>
<status status="FAIL" starttime="20190618 22:26:54.537" endtime="20190618 22:26:54.740"></status>
</suite>
<statistics>
<total>
<stat pass="0" fail="1">Critical Tests</stat>
<stat pass="0" fail="1">All Tests</stat>
</total>
<tag>
</tag>
<suite>
<stat pass="0" fail="1" id="s1" name="T1">T1</stat>
</suite>
</statistics>
<errors>
<msg timestamp="20190618 22:26:54.740" level="ERROR">Error in file 'E:\Robot\T1.robot': Resource file '..\Resources\Browser.robot' does not exist.</msg>
</errors>
</robot>
